shit an error occured for fucked with state 3
started pid 13208 father 13208 Sat Jul 21 04:54:08 CEST 2018
started pid 13210 father 13210 Sat Jul 21 04:54:08 CEST 2018
started pid 13212 father 13212 Sat Jul 21 04:54:08 CEST 2018
started pid 13213 father 13213 Sat Jul 21 04:54:08 CEST 2018
started pid 13216 father 13216 Sat Jul 21 04:54:08 CEST 2018
finished pid 13208 father 0 Sat Jul 21 04:54:08 CEST 2018
finished pid 13210 father 0 Sat Jul 21 04:54:08 CEST 2018
finished pid 13213 father 9 Sat Jul 21 04:54:22 CEST 2018
finished pid 13212 father 9 Sat Jul 21 04:54:22 CEST 2018
finished pid 13216 father 9 Sat Jul 21 04:54:22 CEST 2018
shit an error occured for fucked with state 3
started pid 13288 father 13288 Sat Jul 21 04:54:24 CEST 2018
started pid 13295 father 13295 Sat Jul 21 04:54:24 CEST 2018
started pid 13305 father 13305 Sat Jul 21 04:54:24 CEST 2018
started pid 13307 father 13307 Sat Jul 21 04:54:24 CEST 2018
started pid 13312 father 13312 Sat Jul 21 04:54:24 CEST 2018
started pid 13317 father 13317 Sat Jul 21 04:54:24 CEST 2018
started pid 13324 father 13324 Sat Jul 21 04:54:24 CEST 2018
started pid 13331 father 13331 Sat Jul 21 04:54:24 CEST 2018
started pid 13318 father 13318 Sat Jul 21 04:54:24 CEST 2018
started pid 13325 father 13325 Sat Jul 21 04:54:24 CEST 2018
started pid 13342 father 13342 Sat Jul 21 04:54:24 CEST 2018
finished pid 13288 father 0 Sat Jul 21 04:54:25 CEST 2018
finished pid 13295 father 0 Sat Jul 21 04:54:25 CEST 2018
finished pid 13331 father 2 Sat Jul 21 04:54:47 CEST 2018
finished pid 13324 father 2 Sat Jul 21 04:54:47 CEST 2018
finished pid 13342 father 2 Sat Jul 21 04:54:47 CEST 2018
finished pid 13342 father 15 Sat Jul 21 04:54:54 CEST 2018
finished pid 13324 father 15 Sat Jul 21 04:54:54 CEST 2018
finished pid 13331 father 15 Sat Jul 21 04:54:54 CEST 2018
finished pid 13331 father 15 Sat Jul 21 04:54:54 CEST 2018
finished pid 13324 father 15 Sat Jul 21 04:54:54 CEST 2018
finished pid 13342 father 15 Sat Jul 21 04:54:54 CEST 2018
shit an error occured for fucked with state 3
started pid 13535 father 13535 Sat Jul 21 04:55:34 CEST 2018
started pid 13532 father 13532 Sat Jul 21 04:55:34 CEST 2018
started pid 13536 father 13536 Sat Jul 21 04:55:34 CEST 2018
started pid 13533 father 13533 Sat Jul 21 04:55:34 CEST 2018
started pid 13534 father 13534 Sat Jul 21 04:55:34 CEST 2018
finished pid 13536 father 0 Sat Jul 21 04:55:34 CEST 2018
finished pid 13534 father 0 Sat Jul 21 04:55:34 CEST 2018
finished pid 13533 father 9 Sat Jul 21 04:55:43 CEST 2018
finished pid 13535 father 9 Sat Jul 21 04:55:43 CEST 2018
finished pid 13532 father 9 Sat Jul 21 04:55:43 CEST 2018
started pid 13619 father 13619 Sat Jul 21 04:55:54 CEST 2018
started pid 13624 father 13624 Sat Jul 21 04:55:54 CEST 2018
started pid 13620 father 13620 Sat Jul 21 04:55:54 CEST 2018
started pid 13622 father 13622 Sat Jul 21 04:55:54 CEST 2018
finished pid 13619 father 0 Sat Jul 21 04:55:54 CEST 2018
finished pid 13622 father 9 Sat Jul 21 04:56:14 CEST 2018
finished pid 13620 father 9 Sat Jul 21 04:56:14 CEST 2018
finished pid 13624 father 9 Sat Jul 21 04:56:14 CEST 2018
shit an error occured for fucked with state 3
started pid 13798 father 13798 Sat Jul 21 04:56:41 CEST 2018
started pid 13799 father 13799 Sat Jul 21 04:56:41 CEST 2018
started pid 13800 father 13800 Sat Jul 21 04:56:41 CEST 2018
started pid 13802 father 13802 Sat Jul 21 04:56:41 CEST 2018
started pid 13804 father 13804 Sat Jul 21 04:56:41 CEST 2018
finished pid 13798 father 0 Sat Jul 21 04:56:41 CEST 2018
finished pid 13799 father 0 Sat Jul 21 04:56:41 CEST 2018
finished pid 13800 father 9 Sat Jul 21 04:57:05 CEST 2018
finished pid 13802 father 9 Sat Jul 21 04:57:05 CEST 2018
finished pid 13804 father 9 Sat Jul 21 04:57:05 CEST 2018
shit an error occured for fucked with state 3
started pid 13881 father 13881 Sat Jul 21 04:57:05 CEST 2018
started pid 13896 father 13896 Sat Jul 21 04:57:05 CEST 2018
started pid 13905 father 13905 Sat Jul 21 04:57:05 CEST 2018
started pid 13911 father 13911 Sat Jul 21 04:57:05 CEST 2018
started pid 13904 father 13904 Sat Jul 21 04:57:05 CEST 2018
started pid 13910 father 13910 Sat Jul 21 04:57:05 CEST 2018
started pid 13918 father 13918 Sat Jul 21 04:57:05 CEST 2018
started pid 13921 father 13921 Sat Jul 21 04:57:05 CEST 2018
started pid 13928 father 13928 Sat Jul 21 04:57:05 CEST 2018
started pid 13926 father 13926 Sat Jul 21 04:57:05 CEST 2018
finished pid 13881 father 0 Sat Jul 21 04:57:05 CEST 2018
started pid 13886 father 13886 Sat Jul 21 04:57:05 CEST 2018
finished pid 13886 father 0 Sat Jul 21 04:57:06 CEST 2018
finished pid 13918 father 2 Sat Jul 21 05:00:28 CEST 2018
finished pid 13928 father 2 Sat Jul 21 05:00:28 CEST 2018
finished pid 13926 father 2 Sat Jul 21 05:00:28 CEST 2018
finished pid 13918 father 15 Sat Jul 21 05:04:18 CEST 2018
finished pid 13926 father 15 Sat Jul 21 05:04:18 CEST 2018
finished pid 13928 father 15 Sat Jul 21 05:04:18 CEST 2018
finished pid 13926 father 15 Sat Jul 21 05:04:18 CEST 2018
finished pid 13918 father 15 Sat Jul 21 05:04:18 CEST 2018
finished pid 13928 father 15 Sat Jul 21 05:04:18 CEST 2018
shit an error occured for fucked with state 3
started pid 14962 father 14962 Sat Jul 21 05:11:14 CEST 2018
started pid 14961 father 14961 Sat Jul 21 05:11:14 CEST 2018
started pid 14964 father 14964 Sat Jul 21 05:11:14 CEST 2018
started pid 14966 father 14966 Sat Jul 21 05:11:14 CEST 2018
started pid 14969 father 14969 Sat Jul 21 05:11:14 CEST 2018
finished pid 14962 father 0 Sat Jul 21 05:11:14 CEST 2018
finished pid 14961 father 0 Sat Jul 21 05:11:14 CEST 2018
finished pid 14964 father 2 Sat Jul 21 05:11:25 CEST 2018
finished pid 14966 father 2 Sat Jul 21 05:11:25 CEST 2018
finished pid 14969 father 2 Sat Jul 21 05:11:25 CEST 2018
shit an error occured for fucked with state 3
started pid 45515 father 45515 Mon Jul 23 22:02:56 CEST 2018
started pid 45516 father 45516 Mon Jul 23 22:02:56 CEST 2018
started pid 45518 father 45518 Mon Jul 23 22:02:56 CEST 2018
started pid 45521 father 45521 Mon Jul 23 22:02:56 CEST 2018
started pid 45517 father 45517 Mon Jul 23 22:02:56 CEST 2018
finished pid 45515 father 0 Mon Jul 23 22:02:56 CEST 2018
finished pid 45516 father 0 Mon Jul 23 22:02:56 CEST 2018
finished pid 45517 father 2 Mon Jul 23 22:03:05 CEST 2018
finished pid 45518 father 2 Mon Jul 23 22:03:05 CEST 2018
finished pid 45521 father 2 Mon Jul 23 22:03:05 CEST 2018
shit an error occured for fucked with state 3
started pid 45788 father 45788 Mon Jul 23 22:04:15 CEST 2018
started pid 45790 father 45790 Mon Jul 23 22:04:15 CEST 2018
started pid 45785 father 45785 Mon Jul 23 22:04:15 CEST 2018
started pid 45786 father 45786 Mon Jul 23 22:04:15 CEST 2018
started pid 45784 father 45784 Mon Jul 23 22:04:15 CEST 2018
finished pid 45785 father 0 Mon Jul 23 22:04:15 CEST 2018
finished pid 45784 father 0 Mon Jul 23 22:04:15 CEST 2018
finished pid 45790 father 2 Mon Jul 23 22:04:50 CEST 2018
finished pid 45788 father 2 Mon Jul 23 22:04:50 CEST 2018
finished pid 45786 father 2 Mon Jul 23 22:04:50 CEST 2018
started pid 45850 father 45850 Mon Jul 23 22:05:06 CEST 2018
started pid 45851 father 45851 Mon Jul 23 22:05:06 CEST 2018
started pid 45853 father 45853 Mon Jul 23 22:05:06 CEST 2018
finished pid 45850 father 2 Mon Jul 23 22:07:01 CEST 2018
finished pid 45853 father 2 Mon Jul 23 22:07:01 CEST 2018
finished pid 45851 father 2 Mon Jul 23 22:07:01 CEST 2018
shit an error occured for fucked with state 3
started pid 46047 father 46047 Mon Jul 23 22:07:20 CEST 2018
started pid 46048 father 46048 Mon Jul 23 22:07:20 CEST 2018
started pid 46051 father 46051 Mon Jul 23 22:07:20 CEST 2018
started pid 46052 father 46052 Mon Jul 23 22:07:20 CEST 2018
started pid 46055 father 46055 Mon Jul 23 22:07:20 CEST 2018
finished pid 46048 father 0 Mon Jul 23 22:07:20 CEST 2018
finished pid 46047 father 4 Mon Jul 23 22:07:35 CEST 2018
finished pid 46051 father 2 Mon Jul 23 22:09:20 CEST 2018
finished pid 46055 father 2 Mon Jul 23 22:09:20 CEST 2018
finished pid 46052 father 2 Mon Jul 23 22:09:20 CEST 2018
shit an error occured for fucked with state 3
started pid 46283 father 46283 Mon Jul 23 22:10:31 CEST 2018
started pid 46284 father 46284 Mon Jul 23 22:10:31 CEST 2018
started pid 46286 father 46286 Mon Jul 23 22:10:31 CEST 2018
started pid 46288 father 46288 Mon Jul 23 22:10:31 CEST 2018
started pid 46289 father 46289 Mon Jul 23 22:10:31 CEST 2018
finished pid 46288 father 0 Mon Jul 23 22:10:31 CEST 2018
finished pid 46284 father 2 Mon Jul 23 22:10:57 CEST 2018
finished pid 46283 father 2 Mon Jul 23 22:10:57 CEST 2018
finished pid 46289 father 4 Mon Jul 23 22:10:57 CEST 2018
finished pid 46286 father 2 Mon Jul 23 22:10:57 CEST 2018
shit an error occured for fucked with state 3
started pid 49039 father 49039 Mon Jul 23 23:00:11 CEST 2018
started pid 49038 father 49038 Mon Jul 23 23:00:11 CEST 2018
started pid 49040 father 49040 Mon Jul 23 23:00:11 CEST 2018
started pid 49042 father 49042 Mon Jul 23 23:00:11 CEST 2018
started pid 49044 father 49044 Mon Jul 23 23:00:11 CEST 2018
finished pid 49039 father 0 Mon Jul 23 23:00:11 CEST 2018
shit an error occured for fucked with state 3
finished pid 49044 father 2 Mon Jul 23 23:00:25 CEST 2018
finished pid 49042 father 2 Mon Jul 23 23:00:25 CEST 2018
started pid 49092 father 49092 Mon Jul 23 23:00:25 CEST 2018
started pid 49095 father 49095 Mon Jul 23 23:00:25 CEST 2018
started pid 49093 father 49093 Mon Jul 23 23:00:25 CEST 2018
finished pid 49040 father 2 Mon Jul 23 23:00:25 CEST 2018
started pid 49077 father 49077 Mon Jul 23 23:00:25 CEST 2018
started pid 49079 father 49079 Mon Jul 23 23:00:25 CEST 2018
finished pid 49038 father 4 Mon Jul 23 23:00:25 CEST 2018
finished pid 49079 father 0 Mon Jul 23 23:00:25 CEST 2018
finished pid 49093 father 9 Mon Jul 23 23:00:27 CEST 2018
finished pid 49092 father 9 Mon Jul 23 23:00:27 CEST 2018
finished pid 49095 father 9 Mon Jul 23 23:00:27 CEST 2018
finished pid 49077 father 9 Mon Jul 23 23:00:29 CEST 2018
shit an error occured for fucked with state 3
started pid 49250 father 49250 Mon Jul 23 23:01:11 CEST 2018
started pid 49249 father 49249 Mon Jul 23 23:01:11 CEST 2018
started pid 49251 father 49251 Mon Jul 23 23:01:11 CEST 2018
started pid 49253 father 49253 Mon Jul 23 23:01:11 CEST 2018
started pid 49254 father 49254 Mon Jul 23 23:01:11 CEST 2018
finished pid 49249 father 0 Mon Jul 23 23:01:11 CEST 2018
shit an error occured for fucked with state 3
finished pid 49250 father 4 Mon Jul 23 23:01:16 CEST 2018
finished pid 49251 father 2 Mon Jul 23 23:01:16 CEST 2018
started pid 49284 father 49284 Mon Jul 23 23:01:16 CEST 2018
finished pid 49253 father 2 Mon Jul 23 23:01:16 CEST 2018
started pid 49289 father 49289 Mon Jul 23 23:01:16 CEST 2018
finished pid 49254 father 2 Mon Jul 23 23:01:16 CEST 2018
started pid 49308 father 49308 Mon Jul 23 23:01:16 CEST 2018
started pid 49310 father 49310 Mon Jul 23 23:01:16 CEST 2018
started pid 49316 father 49316 Mon Jul 23 23:01:16 CEST 2018
finished pid 49289 father 0 Mon Jul 23 23:01:16 CEST 2018
finished pid 49308 father 9 Mon Jul 23 23:01:18 CEST 2018
finished pid 49310 father 9 Mon Jul 23 23:01:18 CEST 2018
finished pid 49316 father 9 Mon Jul 23 23:01:18 CEST 2018
finished pid 49284 father 9 Mon Jul 23 23:01:20 CEST 2018
shit an error occured for fucked with state 3
started pid 49759 father 49759 Mon Jul 23 23:08:20 CEST 2018
started pid 49760 father 49760 Mon Jul 23 23:08:20 CEST 2018
started pid 49758 father 49758 Mon Jul 23 23:08:20 CEST 2018
started pid 49763 father 49763 Mon Jul 23 23:08:20 CEST 2018
started pid 49761 father 49761 Mon Jul 23 23:08:20 CEST 2018
finished pid 49761 father 0 Mon Jul 23 23:08:20 CEST 2018
shit an error occured for fucked with state 3
started pid 49814 father 49814 Mon Jul 23 23:08:36 CEST 2018
finished pid 49763 father 9 Mon Jul 23 23:08:36 CEST 2018
started pid 49820 father 49820 Mon Jul 23 23:08:36 CEST 2018
finished pid 49760 father 9 Mon Jul 23 23:08:36 CEST 2018
finished pid 49758 father 9 Mon Jul 23 23:08:36 CEST 2018
started pid 49813 father 49813 Mon Jul 23 23:08:36 CEST 2018
finished pid 49813 father 0 Mon Jul 23 23:08:36 CEST 2018
finished pid 49759 father 9 Mon Jul 23 23:08:36 CEST 2018
started pid 49812 father 49812 Mon Jul 23 23:08:36 CEST 2018
started pid 49816 father 49816 Mon Jul 23 23:08:36 CEST 2018
shit an error occured for fucked with state 3
started pid 49889 father 49889 Mon Jul 23 23:08:54 CEST 2018
started pid 49888 father 49888 Mon Jul 23 23:08:54 CEST 2018
finished pid 49814 father 9 Mon Jul 23 23:08:54 CEST 2018
started pid 49887 father 49887 Mon Jul 23 23:08:54 CEST 2018
finished pid 49820 father 9 Mon Jul 23 23:08:54 CEST 2018
finished pid 49812 father 9 Mon Jul 23 23:08:54 CEST 2018
started pid 49885 father 49885 Mon Jul 23 23:08:54 CEST 2018
started pid 49886 father 49886 Mon Jul 23 23:08:54 CEST 2018
finished pid 49816 father 9 Mon Jul 23 23:08:54 CEST 2018
finished pid 49885 father 0 Mon Jul 23 23:08:54 CEST 2018
finished pid 49889 father 256 Mon Jul 23 23:10:03 CEST 2018
finished pid 49888 father 2 Mon Jul 23 23:12:55 CEST 2018
finished pid 49886 father 2 Mon Jul 23 23:12:55 CEST 2018
finished pid 49887 father 2 Mon Jul 23 23:12:55 CEST 2018
shit an error occured for fucked with state 3
shit an error occured for loop with state 3
shit an error occured for loop with state 3
shit an error occured for loop with state 3
started pid 25944 father 25944 Tue Jul 24 01:04:18 CEST 2018
started pid 25948 father 25948 Tue Jul 24 01:04:18 CEST 2018
started pid 25949 father 25949 Tue Jul 24 01:04:18 CEST 2018
started pid 25952 father 25952 Tue Jul 24 01:04:18 CEST 2018
started pid 25946 father 25946 Tue Jul 24 01:04:18 CEST 2018
finished pid 25948 father 0 Tue Jul 24 01:04:18 CEST 2018
finished pid 25949 father 0 Tue Jul 24 01:04:18 CEST 2018
finished pid 25952 father 0 Tue Jul 24 01:04:18 CEST 2018
finished pid 25946 father 0 Tue Jul 24 01:04:18 CEST 2018
shit an error occured for fucked with state 3
started pid 25984 father 25984 Tue Jul 24 01:04:21 CEST 2018
finished pid 25984 father 0 Tue Jul 24 01:04:21 CEST 2018
shit an error occured for loop with state 3
shit an error occured for fucked with state 3
shit an error occured for loop with state 3
shit an error occured for loop with state 3
shit an error occured for loop with state 3
shit an error occured for loop with state 3
shit an error occured for loop with state 3
shit an error occured for loop with state 3
shit an error occured for loop with state 3
shit an error occured for loop with state 3
started pid 26013 father 26013 Tue Jul 24 01:04:24 CEST 2018
started pid 26012 father 26012 Tue Jul 24 01:04:24 CEST 2018
started pid 26017 father 26017 Tue Jul 24 01:04:24 CEST 2018
started pid 26015 father 26015 Tue Jul 24 01:04:24 CEST 2018
started pid 26019 father 26019 Tue Jul 24 01:04:24 CEST 2018
started pid 26021 father 26021 Tue Jul 24 01:04:24 CEST 2018
started pid 26029 father 26028 Tue Jul 24 01:04:24 CEST 2018
started pid 26030 father 26030 Tue Jul 24 01:04:24 CEST 2018
started pid 26043 father 26043 Tue Jul 24 01:04:24 CEST 2018
started pid 26029 father 26029 Tue Jul 24 01:04:24 CEST 2018
finished pid 26015 father 0 Tue Jul 24 01:04:24 CEST 2018
finished pid 26015 father 0 Tue Jul 24 01:04:24 CEST 2018
finished pid 26030 father 0 Tue Jul 24 01:04:24 CEST 2018
finished pid 26015 father 0 Tue Jul 24 01:04:24 CEST 2018
finished pid 26030 father 0 Tue Jul 24 01:04:24 CEST 2018
finished pid 26043 father 0 Tue Jul 24 01:04:24 CEST 2018
finished pid 26043 father 0 Tue Jul 24 01:04:24 CEST 2018
finished pid 26017 father 0 Tue Jul 24 01:04:24 CEST 2018
finished pid 26043 father 0 Tue Jul 24 01:04:24 CEST 2018
finished pid 26030 father 0 Tue Jul 24 01:04:24 CEST 2018
shit an error occured for fucked with state 3
started pid 26098 father 26098 Tue Jul 24 01:04:27 CEST 2018
finished pid 26098 father 0 Tue Jul 24 01:04:27 CEST 2018
shit an error occured for loop with state 3
shit an error occured for loop with state 3
shit an error occured for loop with state 3
shit an error occured for loop with state 3
shit an error occured for loop with state 3
shit an error occured for loop with state 3
shit an error occured for loop with state 3
shit an error occured for loop with state 3
shit an error occured for loop with state 3
shit an error occured for loop with state 3
shit an error occured for loop with state 3
shit an error occured for loop with state 3
shit an error occured for loop with state 3
shit an error occured for loop with state 3
shit an error occured for loop with state 3
shit an error occured for loop with state 3
shit an error occured for loop with state 3
shit an error occured for loop with state 3
started pid 26129 father 26129 Tue Jul 24 01:04:30 CEST 2018
started pid 26125 father 26125 Tue Jul 24 01:04:30 CEST 2018
started pid 26132 father 26132 Tue Jul 24 01:04:30 CEST 2018
started pid 26126 father 26126 Tue Jul 24 01:04:30 CEST 2018
started pid 26136 father 26136 Tue Jul 24 01:04:30 CEST 2018
started pid 26134 father 26134 Tue Jul 24 01:04:30 CEST 2018
started pid 26139 father 26139 Tue Jul 24 01:04:30 CEST 2018
started pid 26140 father 26140 Tue Jul 24 01:04:30 CEST 2018
started pid 26166 father 26166 Tue Jul 24 01:04:30 CEST 2018
started pid 26146 father 26146 Tue Jul 24 01:04:30 CEST 2018
started pid 26152 father 26152 Tue Jul 24 01:04:30 CEST 2018
started pid 26171 father 26171 Tue Jul 24 01:04:30 CEST 2018
started pid 26169 father 26169 Tue Jul 24 01:04:30 CEST 2018
started pid 26190 father 26190 Tue Jul 24 01:04:30 CEST 2018
started pid 26183 father 26183 Tue Jul 24 01:04:30 CEST 2018
started pid 26192 father 26192 Tue Jul 24 01:04:30 CEST 2018
started pid 26196 father 26196 Tue Jul 24 01:04:30 CEST 2018
started pid 26189 father 26189 Tue Jul 24 01:04:30 CEST 2018
finished pid 26189 father 0 Tue Jul 24 01:04:30 CEST 2018
finished pid 26169 father 0 Tue Jul 24 01:04:30 CEST 2018
finished pid 26189 father 0 Tue Jul 24 01:04:30 CEST 2018
finished pid 26169 father 0 Tue Jul 24 01:04:30 CEST 2018
finished pid 26196 father 0 Tue Jul 24 01:04:30 CEST 2018
finished pid 26169 father 0 Tue Jul 24 01:04:30 CEST 2018
finished pid 26196 father 0 Tue Jul 24 01:04:30 CEST 2018
finished pid 26189 father 0 Tue Jul 24 01:04:30 CEST 2018
finished pid 26169 father 0 Tue Jul 24 01:04:30 CEST 2018
finished pid 26196 father 0 Tue Jul 24 01:04:30 CEST 2018
finished pid 26196 father 0 Tue Jul 24 01:04:30 CEST 2018
finished pid 26196 father 0 Tue Jul 24 01:04:30 CEST 2018
finished pid 26189 father 0 Tue Jul 24 01:04:30 CEST 2018
finished pid 26169 father 0 Tue Jul 24 01:04:30 CEST 2018
finished pid 26169 father 0 Tue Jul 24 01:04:30 CEST 2018
finished pid 26196 father 0 Tue Jul 24 01:04:30 CEST 2018
finished pid 26189 father 0 Tue Jul 24 01:04:30 CEST 2018
finished pid 26189 father 0 Tue Jul 24 01:04:30 CEST 2018
shit an error occured for fucked with state 3
shit an error occured for loop with state 3
shit an error occured for loop with state 3
shit an error occured for loop with state 3
started pid 26501 father 26501 Tue Jul 24 01:06:06 CEST 2018
started pid 26502 father 26502 Tue Jul 24 01:06:06 CEST 2018
started pid 26500 father 26500 Tue Jul 24 01:06:06 CEST 2018
started pid 26506 father 26506 Tue Jul 24 01:06:06 CEST 2018
started pid 26505 father 26505 Tue Jul 24 01:06:06 CEST 2018
finished pid 26501 father 0 Tue Jul 24 01:06:06 CEST 2018
finished pid 26506 father 0 Tue Jul 24 01:06:06 CEST 2018
finished pid 26505 father 0 Tue Jul 24 01:06:06 CEST 2018
finished pid 26502 father 0 Tue Jul 24 01:06:06 CEST 2018
shit an error occured for fucked with state 3
started pid 26539 father 26539 Tue Jul 24 01:06:09 CEST 2018
finished pid 26539 father 0 Tue Jul 24 01:06:09 CEST 2018
shit an error occured for loop with state 3
shit an error occured for loop with state 3
shit an error occured for loop with state 3
shit an error occured for loop with state 3
shit an error occured for loop with state 3
shit an error occured for loop with state 3
shit an error occured for loop with state 3
shit an error occured for loop with state 3
shit an error occured for loop with state 3
shit an error occured for fucked with state 3
started pid 26577 father 26577 Tue Jul 24 01:06:12 CEST 2018
started pid 26565 father 26565 Tue Jul 24 01:06:12 CEST 2018
started pid 26569 father 26569 Tue Jul 24 01:06:12 CEST 2018
started pid 26575 father 26575 Tue Jul 24 01:06:12 CEST 2018
started pid 26571 father 26571 Tue Jul 24 01:06:12 CEST 2018
started pid 26579 father 26579 Tue Jul 24 01:06:12 CEST 2018
started pid 26583 father 26583 Tue Jul 24 01:06:12 CEST 2018
started pid 26564 father 26564 Tue Jul 24 01:06:12 CEST 2018
started pid 26574 father 26574 Tue Jul 24 01:06:12 CEST 2018
started pid 26578 father 26578 Tue Jul 24 01:06:12 CEST 2018
finished pid 26579 father 0 Tue Jul 24 01:06:12 CEST 2018
finished pid 26575 father 0 Tue Jul 24 01:06:12 CEST 2018
finished pid 26569 father 0 Tue Jul 24 01:06:12 CEST 2018
finished pid 26583 father 0 Tue Jul 24 01:06:12 CEST 2018
finished pid 26575 father 0 Tue Jul 24 01:06:12 CEST 2018
finished pid 26579 father 0 Tue Jul 24 01:06:12 CEST 2018
finished pid 26569 father 0 Tue Jul 24 01:06:12 CEST 2018
finished pid 26575 father 0 Tue Jul 24 01:06:12 CEST 2018
finished pid 26569 father 0 Tue Jul 24 01:06:12 CEST 2018
finished pid 26579 father 0 Tue Jul 24 01:06:12 CEST 2018
shit an error occured for fucked with state 3
started pid 26651 father 26651 Tue Jul 24 01:06:15 CEST 2018
finished pid 26651 father 0 Tue Jul 24 01:06:15 CEST 2018
shit an error occured for loop with state 3
shit an error occured for loop with state 3
shit an error occured for loop with state 3
shit an error occured for loop with state 3
shit an error occured for loop with state 3
shit an error occured for loop with state 3
shit an error occured for loop with state 3
shit an error occured for loop with state 3
shit an error occured for loop with state 3
shit an error occured for loop with state 3
shit an error occured for loop with state 3
shit an error occured for loop with state 3
shit an error occured for loop with state 3
shit an error occured for loop with state 3
shit an error occured for loop with state 3
shit an error occured for loop with state 3
shit an error occured for loop with state 3
shit an error occured for loop with state 3
started pid 26675 father 26673 Tue Jul 24 01:06:18 CEST 2018
started pid 26674 father 26674 Tue Jul 24 01:06:18 CEST 2018
started pid 26675 father 26675 Tue Jul 24 01:06:18 CEST 2018
started pid 26680 father 26680 Tue Jul 24 01:06:18 CEST 2018
started pid 26690 father 26690 Tue Jul 24 01:06:18 CEST 2018
started pid 26681 father 26681 Tue Jul 24 01:06:18 CEST 2018
started pid 26699 father 26699 Tue Jul 24 01:06:18 CEST 2018
started pid 26716 father 26716 Tue Jul 24 01:06:18 CEST 2018
started pid 26700 father 26700 Tue Jul 24 01:06:18 CEST 2018
started pid 26738 father 26738 Tue Jul 24 01:06:18 CEST 2018
started pid 26720 father 26720 Tue Jul 24 01:06:18 CEST 2018
started pid 26715 father 26715 Tue Jul 24 01:06:18 CEST 2018
started pid 26731 father 26731 Tue Jul 24 01:06:18 CEST 2018
started pid 26735 father 26735 Tue Jul 24 01:06:18 CEST 2018
started pid 26754 father 26754 Tue Jul 24 01:06:18 CEST 2018
started pid 26728 father 26728 Tue Jul 24 01:06:18 CEST 2018
started pid 26724 father 26724 Tue Jul 24 01:06:18 CEST 2018
started pid 26759 father 26759 Tue Jul 24 01:06:18 CEST 2018
finished pid 26724 father 0 Tue Jul 24 01:06:18 CEST 2018
finished pid 26738 father 0 Tue Jul 24 01:06:18 CEST 2018
finished pid 26738 father 0 Tue Jul 24 01:06:18 CEST 2018
finished pid 26724 father 0 Tue Jul 24 01:06:18 CEST 2018
finished pid 26759 father 0 Tue Jul 24 01:06:18 CEST 2018
finished pid 26724 father 0 Tue Jul 24 01:06:18 CEST 2018
finished pid 26738 father 0 Tue Jul 24 01:06:18 CEST 2018
finished pid 26759 father 0 Tue Jul 24 01:06:18 CEST 2018
finished pid 26724 father 0 Tue Jul 24 01:06:18 CEST 2018
finished pid 26759 father 0 Tue Jul 24 01:06:18 CEST 2018
finished pid 26759 father 0 Tue Jul 24 01:06:18 CEST 2018
finished pid 26738 father 0 Tue Jul 24 01:06:18 CEST 2018
finished pid 26724 father 0 Tue Jul 24 01:06:18 CEST 2018
finished pid 26738 father 0 Tue Jul 24 01:06:18 CEST 2018
finished pid 26759 father 0 Tue Jul 24 01:06:18 CEST 2018
finished pid 26724 father 0 Tue Jul 24 01:06:18 CEST 2018
finished pid 26759 father 0 Tue Jul 24 01:06:18 CEST 2018
finished pid 26738 father 0 Tue Jul 24 01:06:18 CEST 2018
shit an error occured for fucked with state 3
shit an error occured for loop with state 3
shit an error occured for loop with state 3
shit an error occured for loop with state 3
started pid 27113 father 27113 Tue Jul 24 01:07:45 CEST 2018
started pid 27114 father 27114 Tue Jul 24 01:07:45 CEST 2018
started pid 27117 father 27117 Tue Jul 24 01:07:45 CEST 2018
started pid 27115 father 27115 Tue Jul 24 01:07:45 CEST 2018
started pid 27119 father 27119 Tue Jul 24 01:07:45 CEST 2018
finished pid 27115 father 0 Tue Jul 24 01:07:45 CEST 2018
finished pid 27117 father 0 Tue Jul 24 01:07:45 CEST 2018
finished pid 27114 father 0 Tue Jul 24 01:07:45 CEST 2018
finished pid 27119 father 0 Tue Jul 24 01:07:45 CEST 2018
shit an error occured for fucked with state 3
started pid 27162 father 27162 Tue Jul 24 01:07:48 CEST 2018
finished pid 27162 father 0 Tue Jul 24 01:07:48 CEST 2018
shit an error occured for loop with state 3
shit an error occured for loop with state 3
shit an error occured for loop with state 3
shit an error occured for loop with state 3
shit an error occured for loop with state 3
shit an error occured for loop with state 3
shit an error occured for fucked with state 3
shit an error occured for loop with state 3
shit an error occured for loop with state 3
shit an error occured for loop with state 3
started pid 27191 father 27191 Tue Jul 24 01:07:51 CEST 2018
started pid 27192 father 27192 Tue Jul 24 01:07:51 CEST 2018
started pid 27200 father 27200 Tue Jul 24 01:07:51 CEST 2018
started pid 27189 father 27189 Tue Jul 24 01:07:51 CEST 2018
started pid 27193 father 27193 Tue Jul 24 01:07:51 CEST 2018
started pid 27203 father 27203 Tue Jul 24 01:07:51 CEST 2018
started pid 27195 father 27195 Tue Jul 24 01:07:51 CEST 2018
started pid 27214 father 27214 Tue Jul 24 01:07:51 CEST 2018
started pid 27206 father 27206 Tue Jul 24 01:07:51 CEST 2018
started pid 27209 father 27209 Tue Jul 24 01:07:51 CEST 2018
finished pid 27203 father 0 Tue Jul 24 01:07:51 CEST 2018
finished pid 27193 father 0 Tue Jul 24 01:07:51 CEST 2018
finished pid 27203 father 0 Tue Jul 24 01:07:51 CEST 2018
finished pid 27193 father 0 Tue Jul 24 01:07:51 CEST 2018
finished pid 27193 father 0 Tue Jul 24 01:07:51 CEST 2018
finished pid 27203 father 0 Tue Jul 24 01:07:51 CEST 2018
finished pid 27214 father 0 Tue Jul 24 01:07:51 CEST 2018
finished pid 27214 father 0 Tue Jul 24 01:07:51 CEST 2018
finished pid 27214 father 0 Tue Jul 24 01:07:51 CEST 2018
finished pid 27206 father 0 Tue Jul 24 01:07:51 CEST 2018
shit an error occured for fucked with state 3
started pid 27276 father 27276 Tue Jul 24 01:07:54 CEST 2018
finished pid 27276 father 0 Tue Jul 24 01:07:54 CEST 2018
shit an error occured for loop with state 3
shit an error occured for loop with state 3
shit an error occured for loop with state 3
shit an error occured for loop with state 3
shit an error occured for loop with state 3
shit an error occured for loop with state 3
shit an error occured for loop with state 3
shit an error occured for loop with state 3
shit an error occured for loop with state 3
shit an error occured for loop with state 3
shit an error occured for loop with state 3
shit an error occured for loop with state 3
shit an error occured for loop with state 3
shit an error occured for loop with state 3
shit an error occured for loop with state 3
shit an error occured for loop with state 3
shit an error occured for loop with state 3
shit an error occured for loop with state 3
started pid 27311 father 27311 Tue Jul 24 01:07:57 CEST 2018
started pid 27303 father 27303 Tue Jul 24 01:07:57 CEST 2018
started pid 27317 father 27317 Tue Jul 24 01:07:57 CEST 2018
started pid 27306 father 27306 Tue Jul 24 01:07:57 CEST 2018
started pid 27317 father 27316 Tue Jul 24 01:07:57 CEST 2018
started pid 27310 father 27310 Tue Jul 24 01:07:57 CEST 2018
started pid 27325 father 27325 Tue Jul 24 01:07:57 CEST 2018
started pid 27339 father 27339 Tue Jul 24 01:07:57 CEST 2018
started pid 27330 father 27330 Tue Jul 24 01:07:57 CEST 2018
started pid 27322 father 27322 Tue Jul 24 01:07:57 CEST 2018
started pid 27342 father 27342 Tue Jul 24 01:07:57 CEST 2018
started pid 27319 father 27319 Tue Jul 24 01:07:57 CEST 2018
started pid 27348 father 27348 Tue Jul 24 01:07:57 CEST 2018
started pid 27357 father 27357 Tue Jul 24 01:07:57 CEST 2018
started pid 27355 father 27355 Tue Jul 24 01:07:57 CEST 2018
started pid 27371 father 27371 Tue Jul 24 01:07:57 CEST 2018
started pid 27381 father 27381 Tue Jul 24 01:07:57 CEST 2018
started pid 27391 father 27391 Tue Jul 24 01:07:57 CEST 2018
finished pid 27355 father 0 Tue Jul 24 01:07:57 CEST 2018
finished pid 27381 father 0 Tue Jul 24 01:07:57 CEST 2018
finished pid 27355 father 0 Tue Jul 24 01:07:57 CEST 2018
finished pid 27381 father 0 Tue Jul 24 01:07:57 CEST 2018
finished pid 27381 father 0 Tue Jul 24 01:07:57 CEST 2018
finished pid 27391 father 0 Tue Jul 24 01:07:57 CEST 2018
finished pid 27355 father 0 Tue Jul 24 01:07:57 CEST 2018
finished pid 27381 father 0 Tue Jul 24 01:07:57 CEST 2018
finished pid 27355 father 0 Tue Jul 24 01:07:57 CEST 2018
finished pid 27391 father 0 Tue Jul 24 01:07:57 CEST 2018
finished pid 27355 father 0 Tue Jul 24 01:07:57 CEST 2018
finished pid 27391 father 0 Tue Jul 24 01:07:57 CEST 2018
finished pid 27355 father 0 Tue Jul 24 01:07:57 CEST 2018
finished pid 27381 father 0 Tue Jul 24 01:07:57 CEST 2018
finished pid 27381 father 0 Tue Jul 24 01:07:57 CEST 2018
finished pid 27391 father 0 Tue Jul 24 01:07:57 CEST 2018
finished pid 27391 father 0 Tue Jul 24 01:07:57 CEST 2018
finished pid 27391 father 0 Tue Jul 24 01:07:57 CEST 2018
shit an error occured for fucked with state 3
started pid 27537 father 27537 Tue Jul 24 01:08:29 CEST 2018
started pid 27542 father 27542 Tue Jul 24 01:08:29 CEST 2018
started pid 27543 father 27543 Tue Jul 24 01:08:29 CEST 2018
started pid 27536 father 27536 Tue Jul 24 01:08:29 CEST 2018
started pid 27540 father 27540 Tue Jul 24 01:08:29 CEST 2018
finished pid 27543 father 0 Tue Jul 24 01:08:29 CEST 2018
shit an error occured for fucked with state 3
started pid 27563 father 27563 Tue Jul 24 01:08:32 CEST 2018
finished pid 27563 father 0 Tue Jul 24 01:08:32 CEST 2018
shit an error occured for fucked with state 3
started pid 27574 father 27574 Tue Jul 24 01:08:35 CEST 2018
finished pid 27574 father 0 Tue Jul 24 01:08:35 CEST 2018
shit an error occured for fucked with state 3
started pid 27584 father 27584 Tue Jul 24 01:08:38 CEST 2018
finished pid 27584 father 0 Tue Jul 24 01:08:38 CEST 2018
shit an error occured for fucked with state 3
started pid 27806 father 27806 Tue Jul 24 01:11:17 CEST 2018
started pid 27807 father 27807 Tue Jul 24 01:11:17 CEST 2018
started pid 27804 father 27804 Tue Jul 24 01:11:17 CEST 2018
started pid 27803 father 27803 Tue Jul 24 01:11:17 CEST 2018
started pid 27808 father 27808 Tue Jul 24 01:11:17 CEST 2018
finished pid 27807 father 0 Tue Jul 24 01:11:17 CEST 2018
shit an error occured for fucked with state 3
started pid 27829 father 27829 Tue Jul 24 01:11:20 CEST 2018
finished pid 27829 father 0 Tue Jul 24 01:11:20 CEST 2018
shit an error occured for fucked with state 3
started pid 27840 father 27840 Tue Jul 24 01:11:23 CEST 2018
finished pid 27840 father 0 Tue Jul 24 01:11:23 CEST 2018
shit an error occured for fucked with state 3
started pid 27851 father 27851 Tue Jul 24 01:11:26 CEST 2018
finished pid 27851 father 0 Tue Jul 24 01:11:26 CEST 2018
finished pid 27808 father 4 Tue Jul 24 01:12:09 CEST 2018
finished pid 27803 father 2 Tue Jul 24 01:12:09 CEST 2018
finished pid 27804 father 2 Tue Jul 24 01:12:09 CEST 2018
finished pid 27806 father 2 Tue Jul 24 01:12:09 CEST 2018
shit an error occured for loop with state 3
shit an error occured for loop with state 3
shit an error occured for loop with state 3
started pid 27964 father 27964 Tue Jul 24 01:12:29 CEST 2018
shit an error occured for fucked with state 3
started pid 27965 father 27965 Tue Jul 24 01:12:29 CEST 2018
started pid 27963 father 27963 Tue Jul 24 01:12:29 CEST 2018
started pid 27976 father 27976 Tue Jul 24 01:12:29 CEST 2018
started pid 27975 father 27975 Tue Jul 24 01:12:29 CEST 2018
finished pid 27964 father 0 Tue Jul 24 01:12:29 CEST 2018
finished pid 27965 father 0 Tue Jul 24 01:12:29 CEST 2018
finished pid 27963 father 0 Tue Jul 24 01:12:29 CEST 2018
finished pid 27976 father 0 Tue Jul 24 01:12:29 CEST 2018
shit an error occured for fucked with state 3
started pid 28002 father 28002 Tue Jul 24 01:12:32 CEST 2018
finished pid 28002 father 0 Tue Jul 24 01:12:32 CEST 2018
shit an error occured for loop with state 3
shit an error occured for loop with state 3
shit an error occured for loop with state 3
shit an error occured for loop with state 3
shit an error occured for loop with state 3
shit an error occured for loop with state 3
shit an error occured for fucked with state 3
shit an error occured for loop with state 3
shit an error occured for loop with state 3
shit an error occured for loop with state 3
started pid 28024 father 28024 Tue Jul 24 01:12:35 CEST 2018
started pid 28028 father 28028 Tue Jul 24 01:12:35 CEST 2018
started pid 28031 father 28031 Tue Jul 24 01:12:35 CEST 2018
started pid 28025 father 28025 Tue Jul 24 01:12:35 CEST 2018
started pid 28040 father 28040 Tue Jul 24 01:12:35 CEST 2018
started pid 28030 father 28030 Tue Jul 24 01:12:35 CEST 2018
started pid 28041 father 28041 Tue Jul 24 01:12:35 CEST 2018
started pid 28051 father 28051 Tue Jul 24 01:12:35 CEST 2018
started pid 28048 father 28048 Tue Jul 24 01:12:35 CEST 2018
started pid 28069 father 28069 Tue Jul 24 01:12:35 CEST 2018
finished pid 28048 father 0 Tue Jul 24 01:12:35 CEST 2018
finished pid 28069 father 0 Tue Jul 24 01:12:35 CEST 2018
finished pid 28048 father 0 Tue Jul 24 01:12:35 CEST 2018
finished pid 28051 father 0 Tue Jul 24 01:12:35 CEST 2018
finished pid 28051 father 0 Tue Jul 24 01:12:35 CEST 2018
finished pid 28051 father 0 Tue Jul 24 01:12:35 CEST 2018
finished pid 28069 father 0 Tue Jul 24 01:12:35 CEST 2018
finished pid 28041 father 0 Tue Jul 24 01:12:35 CEST 2018
finished pid 28048 father 0 Tue Jul 24 01:12:35 CEST 2018
finished pid 28069 father 0 Tue Jul 24 01:12:35 CEST 2018
shit an error occured for fucked with state 3
started pid 28114 father 28114 Tue Jul 24 01:12:38 CEST 2018
finished pid 28114 father 0 Tue Jul 24 01:12:38 CEST 2018
shit an error occured for loop with state 3
shit an error occured for loop with state 3
shit an error occured for loop with state 3
shit an error occured for loop with state 3
shit an error occured for loop with state 3
shit an error occured for loop with state 3
shit an error occured for loop with state 3
shit an error occured for loop with state 3
shit an error occured for loop with state 3
shit an error occured for loop with state 3
shit an error occured for loop with state 3
shit an error occured for loop with state 3
shit an error occured for loop with state 3
shit an error occured for loop with state 3
shit an error occured for loop with state 3
shit an error occured for loop with state 3
shit an error occured for loop with state 3
shit an error occured for loop with state 3
started pid 28143 father 28143 Tue Jul 24 01:12:41 CEST 2018
started pid 28140 father 28140 Tue Jul 24 01:12:41 CEST 2018
started pid 28147 father 28147 Tue Jul 24 01:12:41 CEST 2018
started pid 28141 father 28141 Tue Jul 24 01:12:41 CEST 2018
started pid 28151 father 28151 Tue Jul 24 01:12:41 CEST 2018
started pid 28148 father 28148 Tue Jul 24 01:12:41 CEST 2018
started pid 28165 father 28165 Tue Jul 24 01:12:41 CEST 2018
started pid 28154 father 28154 Tue Jul 24 01:12:41 CEST 2018
started pid 28159 father 28159 Tue Jul 24 01:12:41 CEST 2018
started pid 28184 father 28184 Tue Jul 24 01:12:41 CEST 2018
started pid 28187 father 28187 Tue Jul 24 01:12:41 CEST 2018
started pid 28217 father 28217 Tue Jul 24 01:12:41 CEST 2018
started pid 28195 father 28195 Tue Jul 24 01:12:41 CEST 2018
started pid 28202 father 28202 Tue Jul 24 01:12:41 CEST 2018
started pid 28214 father 28214 Tue Jul 24 01:12:41 CEST 2018
started pid 28198 father 28198 Tue Jul 24 01:12:41 CEST 2018
started pid 28170 father 28170 Tue Jul 24 01:12:41 CEST 2018
started pid 28220 father 28220 Tue Jul 24 01:12:41 CEST 2018
finished pid 28195 father 0 Tue Jul 24 01:12:41 CEST 2018
finished pid 28220 father 0 Tue Jul 24 01:12:41 CEST 2018
finished pid 28195 father 0 Tue Jul 24 01:12:41 CEST 2018
finished pid 28195 father 0 Tue Jul 24 01:12:41 CEST 2018
finished pid 28220 father 0 Tue Jul 24 01:12:41 CEST 2018
finished pid 28217 father 0 Tue Jul 24 01:12:41 CEST 2018
finished pid 28220 father 0 Tue Jul 24 01:12:41 CEST 2018
finished pid 28217 father 0 Tue Jul 24 01:12:41 CEST 2018
finished pid 28217 father 0 Tue Jul 24 01:12:41 CEST 2018
finished pid 28217 father 0 Tue Jul 24 01:12:41 CEST 2018
finished pid 28195 father 0 Tue Jul 24 01:12:41 CEST 2018
finished pid 28220 father 0 Tue Jul 24 01:12:41 CEST 2018
finished pid 28220 father 0 Tue Jul 24 01:12:41 CEST 2018
finished pid 28217 father 0 Tue Jul 24 01:12:41 CEST 2018
finished pid 28217 father 0 Tue Jul 24 01:12:41 CEST 2018
finished pid 28195 father 0 Tue Jul 24 01:12:41 CEST 2018
finished pid 28195 father 0 Tue Jul 24 01:12:41 CEST 2018
finished pid 28220 father 0 Tue Jul 24 01:12:41 CEST 2018
finished pid 27975 father 256 Tue Jul 24 01:13:45 CEST 2018
shit an error occured for loop with state 3
shit an error occured for loop with state 3
shit an error occured for loop with state 3
shit an error occured for fucked with state 3
started pid 28657 father 28657 Tue Jul 24 01:17:47 CEST 2018
started pid 28659 father 28659 Tue Jul 24 01:17:47 CEST 2018
started pid 28656 father 28656 Tue Jul 24 01:17:47 CEST 2018
started pid 28671 father 28671 Tue Jul 24 01:17:47 CEST 2018
started pid 28672 father 28672 Tue Jul 24 01:17:47 CEST 2018
finished pid 28659 father 0 Tue Jul 24 01:17:47 CEST 2018
finished pid 28657 father 0 Tue Jul 24 01:17:47 CEST 2018
finished pid 28656 father 0 Tue Jul 24 01:17:47 CEST 2018
finished pid 28671 father 0 Tue Jul 24 01:17:47 CEST 2018
shit an error occured for fucked with state 3
started pid 28695 father 28695 Tue Jul 24 01:17:50 CEST 2018
finished pid 28695 father 0 Tue Jul 24 01:17:50 CEST 2018
shit an error occured for loop with state 3
shit an error occured for loop with state 3
shit an error occured for loop with state 3
shit an error occured for loop with state 3
shit an error occured for loop with state 3
shit an error occured for fucked with state 3
shit an error occured for loop with state 3
shit an error occured for loop with state 3
shit an error occured for loop with state 3
shit an error occured for loop with state 3
started pid 28724 father 28724 Tue Jul 24 01:17:53 CEST 2018
started pid 28726 father 28726 Tue Jul 24 01:17:53 CEST 2018
started pid 28723 father 28723 Tue Jul 24 01:17:53 CEST 2018
started pid 28733 father 28733 Tue Jul 24 01:17:53 CEST 2018
started pid 28732 father 28732 Tue Jul 24 01:17:53 CEST 2018
started pid 28730 father 28730 Tue Jul 24 01:17:53 CEST 2018
started pid 28736 father 28736 Tue Jul 24 01:17:53 CEST 2018
started pid 28729 father 28729 Tue Jul 24 01:17:53 CEST 2018
started pid 28740 father 28740 Tue Jul 24 01:17:53 CEST 2018
started pid 28739 father 28739 Tue Jul 24 01:17:53 CEST 2018
finished pid 28732 father 0 Tue Jul 24 01:17:53 CEST 2018
finished pid 28726 father 0 Tue Jul 24 01:17:53 CEST 2018
finished pid 28726 father 0 Tue Jul 24 01:17:53 CEST 2018
finished pid 28732 father 0 Tue Jul 24 01:17:53 CEST 2018
finished pid 28732 father 0 Tue Jul 24 01:17:53 CEST 2018
finished pid 28740 father 0 Tue Jul 24 01:17:53 CEST 2018
finished pid 28739 father 0 Tue Jul 24 01:17:53 CEST 2018
finished pid 28726 father 0 Tue Jul 24 01:17:53 CEST 2018
finished pid 28739 father 0 Tue Jul 24 01:17:53 CEST 2018
finished pid 28739 father 0 Tue Jul 24 01:17:53 CEST 2018
shit an error occured for fucked with state 3
started pid 28809 father 28809 Tue Jul 24 01:17:56 CEST 2018
finished pid 28809 father 0 Tue Jul 24 01:17:56 CEST 2018
shit an error occured for loop with state 3
shit an error occured for loop with state 3
shit an error occured for loop with state 3
shit an error occured for loop with state 3
shit an error occured for loop with state 3
shit an error occured for loop with state 3
shit an error occured for loop with state 3
shit an error occured for loop with state 3
shit an error occured for loop with state 3
shit an error occured for loop with state 3
shit an error occured for loop with state 3
shit an error occured for loop with state 3
shit an error occured for loop with state 3
shit an error occured for loop with state 3
shit an error occured for loop with state 3
shit an error occured for loop with state 3
shit an error occured for loop with state 3
shit an error occured for loop with state 3
started pid 28847 father 28847 Tue Jul 24 01:17:59 CEST 2018
started pid 28864 father 28864 Tue Jul 24 01:17:59 CEST 2018
started pid 28849 father 28849 Tue Jul 24 01:17:59 CEST 2018
started pid 28848 father 28848 Tue Jul 24 01:17:59 CEST 2018
started pid 28852 father 28852 Tue Jul 24 01:17:59 CEST 2018
started pid 28873 father 28873 Tue Jul 24 01:17:59 CEST 2018
started pid 28857 father 28857 Tue Jul 24 01:17:59 CEST 2018
started pid 28889 father 28889 Tue Jul 24 01:17:59 CEST 2018
started pid 28888 father 28888 Tue Jul 24 01:17:59 CEST 2018
started pid 28892 father 28892 Tue Jul 24 01:17:59 CEST 2018
started pid 28907 father 28907 Tue Jul 24 01:17:59 CEST 2018
started pid 28913 father 28913 Tue Jul 24 01:17:59 CEST 2018
started pid 28898 father 28898 Tue Jul 24 01:17:59 CEST 2018
started pid 28887 father 28887 Tue Jul 24 01:17:59 CEST 2018
started pid 28912 father 28912 Tue Jul 24 01:17:59 CEST 2018
started pid 28928 father 28928 Tue Jul 24 01:17:59 CEST 2018
started pid 28909 father 28909 Tue Jul 24 01:17:59 CEST 2018
started pid 28919 father 28919 Tue Jul 24 01:17:59 CEST 2018
finished pid 28892 father 0 Tue Jul 24 01:17:59 CEST 2018
finished pid 28928 father 0 Tue Jul 24 01:17:59 CEST 2018
finished pid 28892 father 0 Tue Jul 24 01:17:59 CEST 2018
finished pid 28913 father 0 Tue Jul 24 01:17:59 CEST 2018
finished pid 28913 father 0 Tue Jul 24 01:17:59 CEST 2018
finished pid 28928 father 0 Tue Jul 24 01:17:59 CEST 2018
finished pid 28892 father 0 Tue Jul 24 01:17:59 CEST 2018
finished pid 28892 father 0 Tue Jul 24 01:17:59 CEST 2018
finished pid 28892 father 0 Tue Jul 24 01:17:59 CEST 2018
finished pid 28913 father 0 Tue Jul 24 01:17:59 CEST 2018
finished pid 28913 father 0 Tue Jul 24 01:17:59 CEST 2018
finished pid 28928 father 0 Tue Jul 24 01:17:59 CEST 2018
finished pid 28913 father 0 Tue Jul 24 01:17:59 CEST 2018
finished pid 28913 father 0 Tue Jul 24 01:17:59 CEST 2018
finished pid 28892 father 0 Tue Jul 24 01:17:59 CEST 2018
finished pid 28928 father 0 Tue Jul 24 01:17:59 CEST 2018
finished pid 28928 father 0 Tue Jul 24 01:17:59 CEST 2018
finished pid 28928 father 0 Tue Jul 24 01:17:59 CEST 2018
finished pid 28672 father 4 Tue Jul 24 01:19:02 CEST 2018
shit an error occured for loop with state 3
shit an error occured for loop with state 3
shit an error occured for loop with state 3
started pid 29196 father 29196 Tue Jul 24 01:19:08 CEST 2018
started pid 29194 father 29194 Tue Jul 24 01:19:08 CEST 2018
shit an error occured for fucked with state 3
started pid 29206 father 29206 Tue Jul 24 01:19:08 CEST 2018
started pid 29207 father 29207 Tue Jul 24 01:19:08 CEST 2018
finished pid 29196 father 0 Tue Jul 24 01:19:08 CEST 2018
finished pid 29194 father 0 Tue Jul 24 01:19:08 CEST 2018
started pid 29193 father 29193 Tue Jul 24 01:19:08 CEST 2018
finished pid 29206 father 0 Tue Jul 24 01:19:08 CEST 2018
finished pid 29193 father 0 Tue Jul 24 01:19:08 CEST 2018
shit an error occured for fucked with state 3
started pid 29232 father 29232 Tue Jul 24 01:19:11 CEST 2018
finished pid 29232 father 0 Tue Jul 24 01:19:11 CEST 2018
shit an error occured for fucked with state 3
shit an error occured for loop with state 3
shit an error occured for loop with state 3
shit an error occured for loop with state 3
shit an error occured for loop with state 3
shit an error occured for loop with state 3
shit an error occured for loop with state 3
shit an error occured for loop with state 3
shit an error occured for loop with state 3
shit an error occured for loop with state 3
started pid 29258 father 29258 Tue Jul 24 01:19:14 CEST 2018
started pid 29256 father 29256 Tue Jul 24 01:19:14 CEST 2018
started pid 29275 father 29275 Tue Jul 24 01:19:14 CEST 2018
started pid 29262 father 29262 Tue Jul 24 01:19:14 CEST 2018
started pid 29264 father 29264 Tue Jul 24 01:19:14 CEST 2018
started pid 29267 father 29267 Tue Jul 24 01:19:14 CEST 2018
started pid 29270 father 29270 Tue Jul 24 01:19:14 CEST 2018
started pid 29261 father 29261 Tue Jul 24 01:19:14 CEST 2018
started pid 29272 father 29272 Tue Jul 24 01:19:14 CEST 2018
started pid 29278 father 29278 Tue Jul 24 01:19:14 CEST 2018
finished pid 29278 father 0 Tue Jul 24 01:19:14 CEST 2018
finished pid 29270 father 0 Tue Jul 24 01:19:14 CEST 2018
finished pid 29262 father 0 Tue Jul 24 01:19:14 CEST 2018
finished pid 29262 father 0 Tue Jul 24 01:19:14 CEST 2018
finished pid 29258 father 0 Tue Jul 24 01:19:14 CEST 2018
finished pid 29262 father 0 Tue Jul 24 01:19:14 CEST 2018
finished pid 29270 father 0 Tue Jul 24 01:19:14 CEST 2018
finished pid 29270 father 0 Tue Jul 24 01:19:14 CEST 2018
finished pid 29278 father 0 Tue Jul 24 01:19:14 CEST 2018
finished pid 29278 father 0 Tue Jul 24 01:19:14 CEST 2018
shit an error occured for fucked with state 3
started pid 29344 father 29344 Tue Jul 24 01:19:17 CEST 2018
finished pid 29344 father 0 Tue Jul 24 01:19:17 CEST 2018
shit an error occured for loop with state 3
shit an error occured for loop with state 3
shit an error occured for loop with state 3
shit an error occured for loop with state 3
shit an error occured for loop with state 3
shit an error occured for loop with state 3
shit an error occured for loop with state 3
shit an error occured for loop with state 3
shit an error occured for loop with state 3
shit an error occured for loop with state 3
shit an error occured for loop with state 3
shit an error occured for loop with state 3
shit an error occured for loop with state 3
shit an error occured for loop with state 3
shit an error occured for loop with state 3
shit an error occured for loop with state 3
started pid 29426 father 29426 Tue Jul 24 01:19:20 CEST 2018
started pid 29434 father 29434 Tue Jul 24 01:19:20 CEST 2018
started pid 29429 father 29429 Tue Jul 24 01:19:20 CEST 2018
started pid 29453 father 29453 Tue Jul 24 01:19:20 CEST 2018
started pid 29371 father 29371 Tue Jul 24 01:19:20 CEST 2018
started pid 29395 father 29395 Tue Jul 24 01:19:20 CEST 2018
started pid 29385 father 29385 Tue Jul 24 01:19:20 CEST 2018
started pid 29373 father 29373 Tue Jul 24 01:19:20 CEST 2018
started pid 29380 father 29380 Tue Jul 24 01:19:20 CEST 2018
started pid 29393 father 29393 Tue Jul 24 01:19:20 CEST 2018
finished pid 29426 father 0 Tue Jul 24 01:19:20 CEST 2018
finished pid 29453 father 0 Tue Jul 24 01:19:20 CEST 2018
finished pid 29429 father 0 Tue Jul 24 01:19:20 CEST 2018
started pid 29400 father 29400 Tue Jul 24 01:19:20 CEST 2018
finished pid 29453 father 0 Tue Jul 24 01:19:20 CEST 2018
started pid 29408 father 29408 Tue Jul 24 01:19:20 CEST 2018
started pid 29428 father 29428 Tue Jul 24 01:19:20 CEST 2018
started pid 29401 father 29401 Tue Jul 24 01:19:20 CEST 2018
finished pid 29426 father 0 Tue Jul 24 01:19:20 CEST 2018
finished pid 29426 father 0 Tue Jul 24 01:19:20 CEST 2018
started pid 29402 father 29402 Tue Jul 24 01:19:20 CEST 2018
shit an error occured for loop with state 3
finished pid 29426 father 0 Tue Jul 24 01:19:20 CEST 2018
finished pid 29426 father 0 Tue Jul 24 01:19:20 CEST 2018
finished pid 29429 father 0 Tue Jul 24 01:19:20 CEST 2018
finished pid 29453 father 0 Tue Jul 24 01:19:20 CEST 2018
shit an error occured for loop with state 3
finished pid 29453 father 0 Tue Jul 24 01:19:20 CEST 2018
finished pid 29429 father 0 Tue Jul 24 01:19:20 CEST 2018
finished pid 29429 father 0 Tue Jul 24 01:19:20 CEST 2018
finished pid 29453 father 0 Tue Jul 24 01:19:20 CEST 2018
started pid 29387 father 29387 Tue Jul 24 01:19:20 CEST 2018
started pid 29384 father 29384 Tue Jul 24 01:19:20 CEST 2018
finished pid 29453 father 0 Tue Jul 24 01:19:20 CEST 2018
started pid 29379 father 29379 Tue Jul 24 01:19:20 CEST 2018
finished pid 29429 father 0 Tue Jul 24 01:19:20 CEST 2018
finished pid 29429 father 0 Tue Jul 24 01:19:20 CEST 2018
finished pid 29426 father 0 Tue Jul 24 01:19:20 CEST 2018
finished pid 29207 father 256 Tue Jul 24 01:20:28 CEST 2018
shit an error occured for loop with state 3
shit an error occured for loop with state 3
shit an error occured for loop with state 3
started pid 29814 father 29814 Tue Jul 24 01:23:09 CEST 2018
started pid 29815 father 29815 Tue Jul 24 01:23:09 CEST 2018
started pid 29818 father 29818 Tue Jul 24 01:23:09 CEST 2018
shit an error occured for fucked with state 3
started pid 29829 father 29829 Tue Jul 24 01:23:09 CEST 2018
started pid 29830 father 29830 Tue Jul 24 01:23:09 CEST 2018
finished pid 29818 father 0 Tue Jul 24 01:23:09 CEST 2018
finished pid 29815 father 0 Tue Jul 24 01:23:09 CEST 2018
finished pid 29814 father 0 Tue Jul 24 01:23:09 CEST 2018
finished pid 29829 father 0 Tue Jul 24 01:23:09 CEST 2018
shit an error occured for fucked with state 3
started pid 29853 father 29853 Tue Jul 24 01:23:12 CEST 2018
finished pid 29853 father 0 Tue Jul 24 01:23:12 CEST 2018
shit an error occured for loop with state 3
shit an error occured for loop with state 3
shit an error occured for loop with state 3
shit an error occured for loop with state 3
shit an error occured for loop with state 3
shit an error occured for fucked with state 3
shit an error occured for loop with state 3
shit an error occured for loop with state 3
shit an error occured for loop with state 3
shit an error occured for loop with state 3
started pid 29879 father 29879 Tue Jul 24 01:23:15 CEST 2018
started pid 29882 father 29882 Tue Jul 24 01:23:15 CEST 2018
started pid 29886 father 29886 Tue Jul 24 01:23:15 CEST 2018
started pid 29880 father 29880 Tue Jul 24 01:23:15 CEST 2018
started pid 29884 father 29884 Tue Jul 24 01:23:15 CEST 2018
started pid 29887 father 29887 Tue Jul 24 01:23:15 CEST 2018
started pid 29894 father 29894 Tue Jul 24 01:23:15 CEST 2018
started pid 29897 father 29897 Tue Jul 24 01:23:15 CEST 2018
finished pid 29882 father 0 Tue Jul 24 01:23:16 CEST 2018
finished pid 29882 father 0 Tue Jul 24 01:23:16 CEST 2018
finished pid 29890 father 0 Tue Jul 24 01:23:16 CEST 2018
finished pid 29882 father 0 Tue Jul 24 01:23:16 CEST 2018
finished pid 29884 father 0 Tue Jul 24 01:23:16 CEST 2018
finished pid 29890 father 0 Tue Jul 24 01:23:16 CEST 2018
finished pid 29897 father 0 Tue Jul 24 01:23:16 CEST 2018
finished pid 29897 father 0 Tue Jul 24 01:23:16 CEST 2018
started pid 29890 father 29890 Tue Jul 24 01:23:16 CEST 2018
started pid 29892 father 29892 Tue Jul 24 01:23:16 CEST 2018
finished pid 29890 father 0 Tue Jul 24 01:23:16 CEST 2018
finished pid 29897 father 0 Tue Jul 24 01:23:16 CEST 2018
shit an error occured for fucked with state 3
started pid 29967 father 29967 Tue Jul 24 01:23:18 CEST 2018
finished pid 29967 father 0 Tue Jul 24 01:23:18 CEST 2018
shit an error occured for loop with state 3
shit an error occured for loop with state 3
shit an error occured for loop with state 3
shit an error occured for loop with state 3
shit an error occured for loop with state 3
shit an error occured for loop with state 3
shit an error occured for loop with state 3
shit an error occured for loop with state 3
shit an error occured for loop with state 3
shit an error occured for loop with state 3
shit an error occured for loop with state 3
shit an error occured for loop with state 3
shit an error occured for loop with state 3
shit an error occured for loop with state 3
shit an error occured for loop with state 3
shit an error occured for loop with state 3
shit an error occured for loop with state 3
shit an error occured for loop with state 3
started pid 29990 father 29990 Tue Jul 24 01:23:22 CEST 2018
started pid 29999 father 29999 Tue Jul 24 01:23:22 CEST 2018
started pid 30067 father 30067 Tue Jul 24 01:23:22 CEST 2018
started pid 30003 father 30003 Tue Jul 24 01:23:22 CEST 2018
started pid 30015 father 30015 Tue Jul 24 01:23:22 CEST 2018
started pid 29991 father 29991 Tue Jul 24 01:23:22 CEST 2018
started pid 30035 father 30035 Tue Jul 24 01:23:22 CEST 2018
started pid 30036 father 30036 Tue Jul 24 01:23:22 CEST 2018
started pid 30037 father 30037 Tue Jul 24 01:23:22 CEST 2018
started pid 30033 father 30033 Tue Jul 24 01:23:22 CEST 2018
started pid 30049 father 30049 Tue Jul 24 01:23:22 CEST 2018
started pid 30016 father 30016 Tue Jul 24 01:23:22 CEST 2018
finished pid 30035 father 0 Tue Jul 24 01:23:22 CEST 2018
finished pid 30067 father 0 Tue Jul 24 01:23:22 CEST 2018
finished pid 30050 father 0 Tue Jul 24 01:23:22 CEST 2018
finished pid 30067 father 0 Tue Jul 24 01:23:22 CEST 2018
finished pid 30035 father 0 Tue Jul 24 01:23:22 CEST 2018
finished pid 30035 father 0 Tue Jul 24 01:23:22 CEST 2018
finished pid 30035 father 0 Tue Jul 24 01:23:22 CEST 2018
finished pid 30050 father 0 Tue Jul 24 01:23:22 CEST 2018
finished pid 30035 father 0 Tue Jul 24 01:23:22 CEST 2018
finished pid 30050 father 0 Tue Jul 24 01:23:22 CEST 2018
started pid 30054 father 30054 Tue Jul 24 01:23:22 CEST 2018
finished pid 30035 father 0 Tue Jul 24 01:23:22 CEST 2018
finished pid 30050 father 0 Tue Jul 24 01:23:22 CEST 2018
started pid 30053 father 30053 Tue Jul 24 01:23:22 CEST 2018
started pid 30050 father 30050 Tue Jul 24 01:23:22 CEST 2018
started pid 30056 father 30056 Tue Jul 24 01:23:22 CEST 2018
started pid 30002 father 30002 Tue Jul 24 01:23:22 CEST 2018
finished pid 30067 father 0 Tue Jul 24 01:23:22 CEST 2018
finished pid 30050 father 0 Tue Jul 24 01:23:22 CEST 2018
finished pid 30067 father 0 Tue Jul 24 01:23:22 CEST 2018
finished pid 30067 father 0 Tue Jul 24 01:23:22 CEST 2018
started pid 29992 father 29992 Tue Jul 24 01:23:22 CEST 2018
finished pid 30067 father 0 Tue Jul 24 01:23:22 CEST 2018
finished pid 30050 father 0 Tue Jul 24 01:23:22 CEST 2018
finished pid 29830 father 256 Tue Jul 24 01:24:38 CEST 2018
started pid 30289 father 30289 Tue Jul 24 01:26:03 CEST 2018
finished pid 30289 father 15 Tue Jul 24 01:26:42 CEST 2018
shit an error occured for loop with state 3
shit an error occured for loop with state 3
shit an error occured for loop with state 3
started pid 32467 father 32467 Tue Jul 24 01:58:06 CEST 2018
started pid 32465 father 32465 Tue Jul 24 01:58:06 CEST 2018
started pid 32468 father 32468 Tue Jul 24 01:58:06 CEST 2018
shit an error occured for fucked with state 3
started pid 32481 father 32481 Tue Jul 24 01:58:06 CEST 2018
started pid 32480 father 32480 Tue Jul 24 01:58:06 CEST 2018
finished pid 32465 father 0 Tue Jul 24 01:58:06 CEST 2018
finished pid 32467 father 0 Tue Jul 24 01:58:06 CEST 2018
finished pid 32468 father 0 Tue Jul 24 01:58:06 CEST 2018
finished pid 32480 father 0 Tue Jul 24 01:58:06 CEST 2018
shit an error occured for fucked with state 3
started pid 32504 father 32504 Tue Jul 24 01:58:09 CEST 2018
finished pid 32504 father 0 Tue Jul 24 01:58:09 CEST 2018
shit an error occured for fucked with state 3
shit an error occured for loop with state 3
shit an error occured for loop with state 3
shit an error occured for loop with state 3
shit an error occured for loop with state 3
shit an error occured for loop with state 3
shit an error occured for loop with state 3
shit an error occured for loop with state 3
shit an error occured for loop with state 3
shit an error occured for loop with state 3
started pid 32532 father 32532 Tue Jul 24 01:58:12 CEST 2018
started pid 32539 father 32539 Tue Jul 24 01:58:12 CEST 2018
started pid 32533 father 32533 Tue Jul 24 01:58:12 CEST 2018
started pid 32534 father 32534 Tue Jul 24 01:58:12 CEST 2018
started pid 32543 father 32543 Tue Jul 24 01:58:12 CEST 2018
started pid 32548 father 32548 Tue Jul 24 01:58:12 CEST 2018
started pid 32541 father 32541 Tue Jul 24 01:58:12 CEST 2018
started pid 32535 father 32535 Tue Jul 24 01:58:12 CEST 2018
started pid 32546 father 32546 Tue Jul 24 01:58:12 CEST 2018
started pid 32529 father 32529 Tue Jul 24 01:58:12 CEST 2018
finished pid 32532 father 0 Tue Jul 24 01:58:12 CEST 2018
finished pid 32548 father 0 Tue Jul 24 01:58:12 CEST 2018
finished pid 32534 father 0 Tue Jul 24 01:58:12 CEST 2018
finished pid 32541 father 0 Tue Jul 24 01:58:12 CEST 2018
finished pid 32541 father 0 Tue Jul 24 01:58:12 CEST 2018
finished pid 32541 father 0 Tue Jul 24 01:58:12 CEST 2018
finished pid 32548 father 0 Tue Jul 24 01:58:12 CEST 2018
finished pid 32534 father 0 Tue Jul 24 01:58:12 CEST 2018
finished pid 32534 father 0 Tue Jul 24 01:58:12 CEST 2018
finished pid 32548 father 0 Tue Jul 24 01:58:12 CEST 2018
shit an error occured for fucked with state 3
started pid 32616 father 32616 Tue Jul 24 01:58:15 CEST 2018
finished pid 32616 father 0 Tue Jul 24 01:58:15 CEST 2018
shit an error occured for loop with state 3
shit an error occured for loop with state 3
shit an error occured for loop with state 3
shit an error occured for loop with state 3
shit an error occured for loop with state 3
shit an error occured for loop with state 3
shit an error occured for loop with state 3
shit an error occured for loop with state 3
shit an error occured for loop with state 3
shit an error occured for loop with state 3
shit an error occured for loop with state 3
shit an error occured for loop with state 3
shit an error occured for loop with state 3
shit an error occured for loop with state 3
shit an error occured for loop with state 3
shit an error occured for loop with state 3
shit an error occured for loop with state 3
shit an error occured for loop with state 3
started pid 32695 father 32695 Tue Jul 24 01:58:18 CEST 2018
started pid 32691 father 32691 Tue Jul 24 01:58:18 CEST 2018
started pid 32698 father 32698 Tue Jul 24 01:58:18 CEST 2018
started pid 32689 father 32689 Tue Jul 24 01:58:18 CEST 2018
started pid 32675 father 32675 Tue Jul 24 01:58:18 CEST 2018
started pid 32701 father 32701 Tue Jul 24 01:58:18 CEST 2018
started pid 32694 father 32694 Tue Jul 24 01:58:18 CEST 2018
started pid 32705 father 32705 Tue Jul 24 01:58:18 CEST 2018
started pid 32724 father 32724 Tue Jul 24 01:58:18 CEST 2018
started pid 32693 father 32693 Tue Jul 24 01:58:18 CEST 2018
finished pid 32724 father 0 Tue Jul 24 01:58:18 CEST 2018
finished pid 32698 father 0 Tue Jul 24 01:58:18 CEST 2018
finished pid 32724 father 0 Tue Jul 24 01:58:18 CEST 2018
finished pid 32724 father 0 Tue Jul 24 01:58:18 CEST 2018
finished pid 32701 father 0 Tue Jul 24 01:58:18 CEST 2018
finished pid 32701 father 0 Tue Jul 24 01:58:18 CEST 2018
finished pid 32724 father 0 Tue Jul 24 01:58:18 CEST 2018
finished pid 32698 father 0 Tue Jul 24 01:58:18 CEST 2018
started pid 32656 father 32656 Tue Jul 24 01:58:18 CEST 2018
finished pid 32724 father 0 Tue Jul 24 01:58:18 CEST 2018
started pid 32656 father 32654 Tue Jul 24 01:58:18 CEST 2018
started pid 32647 father 32647 Tue Jul 24 01:58:18 CEST 2018
started pid 32669 father 32669 Tue Jul 24 01:58:18 CEST 2018
finished pid 32698 father 0 Tue Jul 24 01:58:18 CEST 2018
started pid 32671 father 32671 Tue Jul 24 01:58:18 CEST 2018
started pid 32670 father 32670 Tue Jul 24 01:58:18 CEST 2018
finished pid 32701 father 0 Tue Jul 24 01:58:18 CEST 2018
finished pid 32701 father 0 Tue Jul 24 01:58:18 CEST 2018
finished pid 32724 father 0 Tue Jul 24 01:58:18 CEST 2018
finished pid 32701 father 0 Tue Jul 24 01:58:18 CEST 2018
finished pid 32698 father 0 Tue Jul 24 01:58:18 CEST 2018
finished pid 32698 father 0 Tue Jul 24 01:58:18 CEST 2018
started pid 32635 father 32635 Tue Jul 24 01:58:18 CEST 2018
finished pid 32701 father 0 Tue Jul 24 01:58:18 CEST 2018
started pid 32636 father 32636 Tue Jul 24 01:58:18 CEST 2018
finished pid 32698 father 0 Tue Jul 24 01:58:18 CEST 2018
finished pid 32481 father 4 Tue Jul 24 01:58:28 CEST 2018
shit an error occured for loop with state 3
shit an error occured for loop with state 3
shit an error occured for fucked with state 3
shit an error occured for loop with state 3
started pid 32981 father 32981 Tue Jul 24 01:59:14 CEST 2018
started pid 32979 father 32979 Tue Jul 24 01:59:14 CEST 2018
started pid 32980 father 32980 Tue Jul 24 01:59:14 CEST 2018
started pid 32982 father 32982 Tue Jul 24 01:59:14 CEST 2018
started pid 32983 father 32983 Tue Jul 24 01:59:14 CEST 2018
finished pid 32979 father 0 Tue Jul 24 01:59:14 CEST 2018
finished pid 32981 father 0 Tue Jul 24 01:59:14 CEST 2018
finished pid 32982 father 0 Tue Jul 24 01:59:14 CEST 2018
finished pid 32980 father 0 Tue Jul 24 01:59:14 CEST 2018
shit an error occured for fucked with state 3
started pid 33018 father 33018 Tue Jul 24 01:59:16 CEST 2018
finished pid 33018 father 0 Tue Jul 24 01:59:16 CEST 2018
shit an error occured for loop with state 3
shit an error occured for loop with state 3
shit an error occured for fucked with state 3
shit an error occured for loop with state 3
shit an error occured for loop with state 3
shit an error occured for loop with state 3
shit an error occured for loop with state 3
shit an error occured for loop with state 3
shit an error occured for loop with state 3
shit an error occured for loop with state 3
started pid 33045 father 33045 Tue Jul 24 01:59:20 CEST 2018
started pid 33046 father 33046 Tue Jul 24 01:59:20 CEST 2018
started pid 33044 father 33044 Tue Jul 24 01:59:20 CEST 2018
started pid 33056 father 33056 Tue Jul 24 01:59:20 CEST 2018
started pid 33053 father 33053 Tue Jul 24 01:59:20 CEST 2018
started pid 33049 father 33049 Tue Jul 24 01:59:20 CEST 2018
started pid 33058 father 33058 Tue Jul 24 01:59:20 CEST 2018
started pid 33051 father 33051 Tue Jul 24 01:59:20 CEST 2018
started pid 33059 father 33059 Tue Jul 24 01:59:20 CEST 2018
started pid 33062 father 33062 Tue Jul 24 01:59:20 CEST 2018
finished pid 33049 father 0 Tue Jul 24 01:59:20 CEST 2018
finished pid 33046 father 0 Tue Jul 24 01:59:20 CEST 2018
finished pid 33049 father 0 Tue Jul 24 01:59:20 CEST 2018
finished pid 33056 father 0 Tue Jul 24 01:59:20 CEST 2018
finished pid 33049 father 0 Tue Jul 24 01:59:20 CEST 2018
finished pid 33056 father 0 Tue Jul 24 01:59:20 CEST 2018
finished pid 33062 father 0 Tue Jul 24 01:59:20 CEST 2018
finished pid 33062 father 0 Tue Jul 24 01:59:20 CEST 2018
finished pid 33056 father 0 Tue Jul 24 01:59:20 CEST 2018
finished pid 33062 father 0 Tue Jul 24 01:59:20 CEST 2018
shit an error occured for fucked with state 3
started pid 33130 father 33130 Tue Jul 24 01:59:22 CEST 2018
finished pid 33130 father 0 Tue Jul 24 01:59:23 CEST 2018
shit an error occured for loop with state 3
shit an error occured for loop with state 3
shit an error occured for loop with state 3
shit an error occured for loop with state 3
shit an error occured for loop with state 3
shit an error occured for loop with state 3
shit an error occured for loop with state 3
shit an error occured for loop with state 3
shit an error occured for loop with state 3
shit an error occured for loop with state 3
shit an error occured for loop with state 3
shit an error occured for loop with state 3
shit an error occured for loop with state 3
shit an error occured for loop with state 3
shit an error occured for loop with state 3
shit an error occured for loop with state 3
shit an error occured for loop with state 3
started pid 33218 father 33218 Tue Jul 24 01:59:26 CEST 2018
started pid 33220 father 33220 Tue Jul 24 01:59:26 CEST 2018
started pid 33201 father 33201 Tue Jul 24 01:59:26 CEST 2018
started pid 33219 father 33219 Tue Jul 24 01:59:26 CEST 2018
started pid 33214 father 33214 Tue Jul 24 01:59:26 CEST 2018
started pid 33231 father 33231 Tue Jul 24 01:59:26 CEST 2018
shit an error occured for loop with state 3
started pid 33237 father 33237 Tue Jul 24 01:59:26 CEST 2018
started pid 33157 father 33157 Tue Jul 24 01:59:26 CEST 2018
finished pid 33237 father 0 Tue Jul 24 01:59:26 CEST 2018
finished pid 33220 father 0 Tue Jul 24 01:59:26 CEST 2018
finished pid 33220 father 0 Tue Jul 24 01:59:26 CEST 2018
finished pid 33220 father 0 Tue Jul 24 01:59:26 CEST 2018
finished pid 33237 father 0 Tue Jul 24 01:59:26 CEST 2018
finished pid 33237 father 0 Tue Jul 24 01:59:26 CEST 2018
started pid 33183 father 33183 Tue Jul 24 01:59:26 CEST 2018
started pid 33196 father 33196 Tue Jul 24 01:59:26 CEST 2018
started pid 33202 father 33202 Tue Jul 24 01:59:26 CEST 2018
started pid 33203 father 33203 Tue Jul 24 01:59:26 CEST 2018
finished pid 33237 father 0 Tue Jul 24 01:59:26 CEST 2018
started pid 33175 father 33175 Tue Jul 24 01:59:26 CEST 2018
started pid 33161 father 33161 Tue Jul 24 01:59:26 CEST 2018
finished pid 33220 father 0 Tue Jul 24 01:59:26 CEST 2018
finished pid 33203 father 0 Tue Jul 24 01:59:26 CEST 2018
finished pid 33203 father 0 Tue Jul 24 01:59:26 CEST 2018
finished pid 33203 father 0 Tue Jul 24 01:59:26 CEST 2018
finished pid 33237 father 0 Tue Jul 24 01:59:26 CEST 2018
finished pid 33203 father 0 Tue Jul 24 01:59:26 CEST 2018
finished pid 33220 father 0 Tue Jul 24 01:59:26 CEST 2018
started pid 33152 father 33152 Tue Jul 24 01:59:26 CEST 2018
started pid 33155 father 33155 Tue Jul 24 01:59:26 CEST 2018
started pid 33156 father 33156 Tue Jul 24 01:59:26 CEST 2018
started pid 33153 father 33153 Tue Jul 24 01:59:26 CEST 2018
finished pid 33203 father 0 Tue Jul 24 01:59:26 CEST 2018
finished pid 33203 father 0 Tue Jul 24 01:59:26 CEST 2018
finished pid 33237 father 0 Tue Jul 24 01:59:26 CEST 2018
finished pid 33220 father 0 Tue Jul 24 01:59:26 CEST 2018
finished pid 32983 father 4 Tue Jul 24 01:59:43 CEST 2018
shit an error occured for fucked with state 3
started pid 33455 father 33455 Tue Jul 24 02:00:43 CEST 2018
started pid 33461 father 33461 Tue Jul 24 02:00:43 CEST 2018
started pid 33456 father 33456 Tue Jul 24 02:00:43 CEST 2018
started pid 33458 father 33458 Tue Jul 24 02:00:43 CEST 2018
started pid 33462 father 33462 Tue Jul 24 02:00:43 CEST 2018
finished pid 33461 father 0 Tue Jul 24 02:00:43 CEST 2018
shit an error occured for fucked with state 3
started pid 33483 father 33483 Tue Jul 24 02:00:45 CEST 2018
finished pid 33483 father 0 Tue Jul 24 02:00:45 CEST 2018
shit an error occured for fucked with state 3
started pid 33496 father 33496 Tue Jul 24 02:00:48 CEST 2018
finished pid 33496 father 0 Tue Jul 24 02:00:48 CEST 2018
shit an error occured for fucked with state 3
started pid 33508 father 33508 Tue Jul 24 02:00:51 CEST 2018
finished pid 33508 father 0 Tue Jul 24 02:00:51 CEST 2018
finished pid 33456 father 2 Tue Jul 24 02:01:10 CEST 2018
finished pid 33462 father 4 Tue Jul 24 02:01:10 CEST 2018
finished pid 33458 father 2 Tue Jul 24 02:01:10 CEST 2018
finished pid 33455 father 2 Tue Jul 24 02:01:10 CEST 2018
shit an error occured for fucked with state 3
started pid 33668 father 33668 Tue Jul 24 02:02:21 CEST 2018
started pid 33669 father 33669 Tue Jul 24 02:02:21 CEST 2018
finished pid 33668 father 0 Tue Jul 24 02:02:21 CEST 2018
started pid 33662 father 33662 Tue Jul 24 02:02:21 CEST 2018
started pid 33664 father 33664 Tue Jul 24 02:02:21 CEST 2018
started pid 33663 father 33663 Tue Jul 24 02:02:21 CEST 2018
shit an error occured for fucked with state 3
started pid 33689 father 33689 Tue Jul 24 02:02:24 CEST 2018
finished pid 33689 father 0 Tue Jul 24 02:02:24 CEST 2018
shit an error occured for fucked with state 3
started pid 33700 father 33700 Tue Jul 24 02:02:27 CEST 2018
finished pid 33700 father 0 Tue Jul 24 02:02:27 CEST 2018
shit an error occured for fucked with state 3
started pid 33711 father 33711 Tue Jul 24 02:02:30 CEST 2018
finished pid 33711 father 0 Tue Jul 24 02:02:30 CEST 2018
finished pid 33664 father 2 Tue Jul 24 02:03:06 CEST 2018
finished pid 33663 father 2 Tue Jul 24 02:03:06 CEST 2018
finished pid 33669 father 4 Tue Jul 24 02:03:06 CEST 2018
finished pid 33662 father 2 Tue Jul 24 02:03:06 CEST 2018
shit an error occured for fucked with state 3
started pid 34187 father 34187 Tue Jul 24 02:08:45 CEST 2018
started pid 34186 father 34186 Tue Jul 24 02:08:45 CEST 2018
started pid 34189 father 34189 Tue Jul 24 02:08:45 CEST 2018
started pid 34199 father 34199 Tue Jul 24 02:08:45 CEST 2018
started pid 34198 father 34198 Tue Jul 24 02:08:45 CEST 2018
finished pid 34198 father 0 Tue Jul 24 02:08:46 CEST 2018
shit an error occured for fucked with state 3
started pid 34213 father 34213 Tue Jul 24 02:08:48 CEST 2018
finished pid 34213 father 0 Tue Jul 24 02:08:48 CEST 2018
shit an error occured for fucked with state 3
started pid 34226 father 34226 Tue Jul 24 02:08:51 CEST 2018
finished pid 34226 father 0 Tue Jul 24 02:08:51 CEST 2018
finished pid 34187 father 2 Tue Jul 24 02:08:54 CEST 2018
finished pid 34199 father 4 Tue Jul 24 02:08:54 CEST 2018
finished pid 34189 father 2 Tue Jul 24 02:08:54 CEST 2018
finished pid 34186 father 2 Tue Jul 24 02:08:54 CEST 2018
shit an error occured for fucked with state 3
started pid 34254 father 34254 Tue Jul 24 02:08:54 CEST 2018
finished pid 34254 father 0 Tue Jul 24 02:08:54 CEST 2018
